<?xml version="1.0" encoding="UTF-8"?>
<!-- Generated by org.testng.reporters.JUnitReportReporter -->
<testsuite ignored="0" hostname="QA-LAPTOP" failures="0" tests="1" name="travelerWithAllDetails.BasicInformationAlongWithTraveler" time="195.533" errors="1" timestamp="12 Jun 2025 05:16:50 GMT" skipped="0">
  <testcase classname="travelerWithAllDetails.BasicInformationAlongWithTraveler" name="addBsicInformation" time="195.533">
    <error message="element click intercepted: Element &lt;input _ngcontent-ng-c2756242724=&quot;&quot; matinput=&quot;&quot; formcontrolname=&quot;loyaltyNumber&quot; class=&quot;mat-mdc-input-element ng-tns-c1205077789-93 ng-untouched ng-pristine ng-valid mat-mdc-form-field-input-control mdc-text-field__input cdk-text-field-autofill-monitored&quot; id=&quot;mat-input-28&quot; aria-invalid=&quot;false&quot; aria-required=&quot;false&quot;&gt; is not clickable at point (697, 590). Other element would receive the click: &lt;mat-label _ngcontent-ng-c2756242724=&quot;&quot; class=&quot;ng-tns-c1205077789-93&quot;&gt;...&lt;/mat-label&gt;
  (Session info: chrome=137.0.7151.70)
Build info: version: &#039;4.1.4&#039;, revision: &#039;535d840ee2&#039;
System info: host: &#039;QA-LAPTOP&#039;, ip: &#039;192.168.111.145&#039;, os.name: &#039;Windows 10&#039;, os.arch: &#039;amd64&#039;, os.version: &#039;10.0&#039;, java.version: &#039;21.0.7&#039;
Driver info: org.openqa.selenium.chrome.ChromeDriver
Command: [246bbdc1ce38c4c999be7f50493e5b52, clickElement {id=f.60629BECC11A98C5E1D5B45D9FBF4FB5.d.9839AC1042F5DAF9E1D2B3DCF8B2767D.e.151}]
Capabilities {acceptInsecureCerts: false, browserName: chrome, browserVersion: 137.0.7151.70, chrome: {chromedriverVersion: 136.0.7103.92 (cb81a4cc5087..., userDataDir: C:\Users\PRINCE~1.CHA\AppDa...}, fedcm:accounts: true, goog:chromeOptions: {debuggerAddress: localhost:53100}, javascriptEnabled: true, networkConnectionEnabled: false, pageLoadStrategy: normal, platform: WINDOWS, platformName: WINDOWS, proxy: Proxy(), se:cdp: ws://localhost:53100/devtoo..., se:cdpVersion: 137.0.7151.70, setWindowRect: true, strictFileInteractability: false, timeouts: {implicit: 0, pageLoad: 300000, script: 30000}, unhandledPromptBehavior: dismiss and notify, webauthn:extension:credBlob: true, webauthn:extension:largeBlob: true, webauthn:extension:minPinLength: true, webauthn:extension:prf: true, webauthn:virtualAuthenticators: true}
Element: [[ChromeDriver: chrome on WINDOWS (246bbdc1ce38c4c999be7f50493e5b52)] -&gt; xpath: //mat-label[text()=&#039;Loyalty Number&#039;]/../..//input]
Session ID: 246bbdc1ce38c4c999be7f50493e5b52" type="org.openqa.selenium.ElementClickInterceptedException">
      <![CDATA[org.openqa.selenium.ElementClickInterceptedException: element click intercepted: Element <input _ngcontent-ng-c2756242724="" matinput="" formcontrolname="loyaltyNumber" class="mat-mdc-input-element ng-tns-c1205077789-93 ng-untouched ng-pristine ng-valid mat-mdc-form-field-input-control mdc-text-field__input cdk-text-field-autofill-monitored" id="mat-input-28" aria-invalid="false" aria-required="false"> is not clickable at point (697, 590). Other element would receive the click: <mat-label _ngcontent-ng-c2756242724="" class="ng-tns-c1205077789-93">...</mat-label>
  (Session info: chrome=137.0.7151.70)
Build info: version: '4.1.4', revision: '535d840ee2'
System info: host: 'QA-LAPTOP', ip: '192.168.111.145', os.name: 'Windows 10', os.arch: 'amd64', os.version: '10.0', java.version: '21.0.7'
Driver info: org.openqa.selenium.chrome.ChromeDriver
Command: [246bbdc1ce38c4c999be7f50493e5b52, clickElement {id=f.60629BECC11A98C5E1D5B45D9FBF4FB5.d.9839AC1042F5DAF9E1D2B3DCF8B2767D.e.151}]
Capabilities {acceptInsecureCerts: false, browserName: chrome, browserVersion: 137.0.7151.70, chrome: {chromedriverVersion: 136.0.7103.92 (cb81a4cc5087..., userDataDir: C:\Users\PRINCE~1.CHA\AppDa...}, fedcm:accounts: true, goog:chromeOptions: {debuggerAddress: localhost:53100}, javascriptEnabled: true, networkConnectionEnabled: false, pageLoadStrategy: normal, platform: WINDOWS, platformName: WINDOWS, proxy: Proxy(), se:cdp: ws://localhost:53100/devtoo..., se:cdpVersion: 137.0.7151.70, setWindowRect: true, strictFileInteractability: false, timeouts: {implicit: 0, pageLoad: 300000, script: 30000}, unhandledPromptBehavior: dismiss and notify, webauthn:extension:credBlob: true, webauthn:extension:largeBlob: true, webauthn:extension:minPinLength: true, webauthn:extension:prf: true, webauthn:virtualAuthenticators: true}
Element: [[ChromeDriver: chrome on WINDOWS (246bbdc1ce38c4c999be7f50493e5b52)] -> xpath: //mat-label[text()='Loyalty Number']/../..//input]
Session ID: 246bbdc1ce38c4c999be7f50493e5b52
	at java.base/jdk.internal.reflect.DirectConstructorHandleAccessor.newInstance(DirectConstructorHandleAccessor.java:62)
	at java.base/java.lang.reflect.Constructor.newInstanceWithCaller(Constructor.java:502)
	at java.base/java.lang.reflect.Constructor.newInstance(Constructor.java:486)
	at org.openqa.selenium.remote.codec.w3c.W3CHttpResponseCodec.createException(W3CHttpResponseCodec.java:200)
	at org.openqa.selenium.remote.codec.w3c.W3CHttpResponseCodec.decode(W3CHttpResponseCodec.java:133)
	at org.openqa.selenium.remote.codec.w3c.W3CHttpResponseCodec.decode(W3CHttpResponseCodec.java:53)
	at org.openqa.selenium.remote.HttpCommandExecutor.execute(HttpCommandExecutor.java:184)
	at org.openqa.selenium.remote.service.DriverCommandExecutor.invokeExecute(DriverCommandExecutor.java:167)
	at org.openqa.selenium.remote.service.DriverCommandExecutor.execute(DriverCommandExecutor.java:142)
	at org.openqa.selenium.remote.RemoteWebDriver.execute(RemoteWebDriver.java:567)
	at org.openqa.selenium.remote.RemoteWebElement.execute(RemoteWebElement.java:251)
	at org.openqa.selenium.remote.RemoteWebElement.click(RemoteWebElement.java:77)
	at travelerWithAllDetails.SaveDependent.savedependent(SaveDependent.java:392)
	at travelerWithAllDetails.BasicInformationAlongWithTraveler.addBsicInformation(BasicInformationAlongWithTraveler.java:148)
	at java.base/jdk.internal.reflect.DirectMethodHandleAccessor.invoke(DirectMethodHandleAccessor.java:103)
	at java.base/java.lang.reflect.Method.invoke(Method.java:580)
	at org.testng.internal.MethodInvocationHelper.invokeMethod(MethodInvocationHelper.java:104)
	at org.testng.internal.Invoker.invokeMethod(Invoker.java:645)
	at org.testng.internal.Invoker.invokeTestMethod(Invoker.java:851)
	at org.testng.internal.Invoker.invokeTestMethods(Invoker.java:1177)
	at org.testng.internal.TestMethodWorker.invokeTestMethods(TestMethodWorker.java:129)
	at org.testng.internal.TestMethodWorker.run(TestMethodWorker.java:112)
	at org.testng.TestRunner.privateRun(TestRunner.java:756)
	at org.testng.TestRunner.run(TestRunner.java:610)
	at org.testng.SuiteRunner.runTest(SuiteRunner.java:387)
	at org.testng.SuiteRunner.runSequentially(SuiteRunner.java:382)
	at org.testng.SuiteRunner.privateRun(SuiteRunner.java:340)
	at org.testng.SuiteRunner.run(SuiteRunner.java:289)
	at org.testng.SuiteRunnerWorker.runSuite(SuiteRunnerWorker.java:52)
	at org.testng.SuiteRunnerWorker.run(SuiteRunnerWorker.java:86)
	at org.testng.TestNG.runSuitesSequentially(TestNG.java:1293)
	at org.testng.TestNG.runSuitesLocally(TestNG.java:1218)
	at org.testng.TestNG.runSuites(TestNG.java:1133)
	at org.testng.TestNG.run(TestNG.java:1104)
	at org.testng.remote.AbstractRemoteTestNG.run(AbstractRemoteTestNG.java:115)
	at org.testng.remote.RemoteTestNG.initAndRun(RemoteTestNG.java:293)
	at org.testng.remote.RemoteTestNG.main(RemoteTestNG.java:91)
]]>
    </error>
  </testcase> <!-- addBsicInformation -->
</testsuite> <!-- travelerWithAllDetails.BasicInformationAlongWithTraveler -->
